Content-Type: text/plain; charset="utf-8"
MIME-Version: 1.0
Content-Transfer-Encoding: 8bit
Subject: Password reset on 127.0.0.1:8000
From: webmaster@localhost
To: favroitegamers@gmail.com
Date: Sat, 11 Nov 2023 07:09:12 -0000
Message-ID: <169968655247.5512.11325044538203510710@DESKTOP-UJOOSLU>


You're receiving this email because you requested a password reset for your user account at 127.0.0.1:8000.

Please go to the following page and choose a new password:

http://127.0.0.1:8000/accounts/reset/Mw/bxh1nc-18667f0a7ec0422cce182030b4d6bc8f/

Your username, in case you’ve forgotten: Test

Thanks for using our site!

The 127.0.0.1:8000 team



-------------------------------------------------------------------------------
Content-Type: text/plain; charset="utf-8"
MIME-Version: 1.0
Content-Transfer-Encoding: 8bit
Subject: Password reset on 127.0.0.1:8000
From: webmaster@localhost
To: favroitegamers@gmail.com
Date: Sat, 11 Nov 2023 07:09:12 -0000
Message-ID: <169968655248.5512.13350523146595313169@DESKTOP-UJOOSLU>


You're receiving this email because you requested a password reset for your user account at 127.0.0.1:8000.

Please go to the following page and choose a new password:

http://127.0.0.1:8000/accounts/reset/NA/bxh1nc-b641699a436761279cc817e1bcdde634/

Your username, in case you’ve forgotten: EliasStinson

Thanks for using our site!

The 127.0.0.1:8000 team



-------------------------------------------------------------------------------
